<?xml version="1.0" encoding="UTF-8"?>
<!-- Generated by org.testng.reporters.JUnitReportReporter -->
<testsuite hostname="faihaahadeedi" failures="0" tests="11" name="homePage.myTestCases" time="22.645" errors="0" timestamp="2024-10-02T12:50:12 GMT+03:00" skipped="0">
  <testcase classname="homePage.myTestCases" name="CheckTheDefaultLanguageIsEnglish" time="0.041"/>
  <system-out/>
  <testcase classname="homePage.myTestCases" name="DefultCurrencySARTest" time="0.030"/>
  <system-out/>
  <testcase classname="homePage.myTestCases" name="CheckContactNumber" time="0.029"/>
  <system-out/>
  <testcase classname="homePage.myTestCases" name="CheckQitagLogo" time="0.051"/>
  <system-out/>
  <testcase classname="homePage.myTestCases" name="TestHotelTabIsNotSelected" time="0.025"/>
  <system-out/>
  <testcase classname="homePage.myTestCases" name="CheckDepatureDate" time="0.036"/>
  <system-out/>
  <testcase classname="homePage.myTestCases" name="RandomlyChangeTheLanguage" time="0.579"/>
  <system-out/>
  <testcase classname="homePage.myTestCases" name="FillHotelTab" time="1.093"/>
  <system-out/>
  <testcase classname="homePage.myTestCases" name="RandomlySelectTheNumberOFVistor" time="4.990"/>
  <system-out/>
  <testcase classname="homePage.myTestCases" name="CheckThePageFullyLoded" time="15.033"/>
  <system-out/>
  <testcase classname="homePage.myTestCases" name="SortItemsLowestToHighestPrice" time="0.738"/>
  <system-out/>
</testsuite> <!-- homePage.myTestCases -->
