<?xml version="1.0" encoding="UTF-8"?>
<!-- Generated by org.testng.reporters.JUnitReportReporter -->
<testsuite hostname="faihaahadeedi" failures="0" tests="4" name="homePage.myTestCases" time="0.161" errors="0" timestamp="2024-09-30T16:05:07 GMT+03:00" skipped="0">
  <testcase classname="homePage.myTestCases" name="CheckTheDefaultLanguageIsEnglish" time="0.052"/>
  <system-out/>
  <testcase classname="homePage.myTestCases" name="DefultCurrencySARTest" time="0.037"/>
  <system-out/>
  <testcase classname="homePage.myTestCases" name="CheckContactNumber" time="0.025"/>
  <system-out/>
  <testcase classname="homePage.myTestCases" name="CheckQitafLogo" time="0.047"/>
  <system-out/>
</testsuite> <!-- homePage.myTestCases -->
