<?xml version="1.0" encoding="UTF-8"?>
<!-- Generated by org.testng.reporters.JUnitReportReporter -->
<testsuite hostname="faihaahadeedi" failures="0" tests="11" name="homePage.myTestCases" time="46.146" errors="0" timestamp="2024-10-01T18:41:04 GMT+03:00" skipped="0">
  <testcase classname="homePage.myTestCases" name="CheckTheDefaultLanguageIsEnglish" time="0.153"/>
  <system-out/>
  <testcase classname="homePage.myTestCases" name="DefultCurrencySARTest" time="0.122"/>
  <system-out/>
  <testcase classname="homePage.myTestCases" name="CheckContactNumber" time="0.356"/>
  <system-out/>
  <testcase classname="homePage.myTestCases" name="CheckQitafLogo" time="0.162"/>
  <system-out/>
  <testcase classname="homePage.myTestCases" name="TestHotelTabIsNotSelected" time="2.144"/>
  <system-out/>
  <testcase classname="homePage.myTestCases" name="CheckDepatureDate" time="0.194"/>
  <system-out/>
  <testcase classname="homePage.myTestCases" name="RandomlyChangeTheLanguage" time="2.966"/>
  <system-out/>
  <testcase classname="homePage.myTestCases" name="FillHotelTab" time="1.510"/>
  <system-out/>
  <testcase classname="homePage.myTestCases" name="RandomlySelectTheNumberOFVistor" time="11.969"/>
  <system-out/>
  <testcase classname="homePage.myTestCases" name="CheckThePageFullyLoded" time="22.743"/>
  <system-out/>
  <testcase classname="homePage.myTestCases" name="SortItemsLowestToHighestPrice" time="3.827"/>
  <system-out/>
</testsuite> <!-- homePage.myTestCases -->
