<?xml version="1.0" encoding="UTF-8"?>
<!-- Generated by org.testng.reporters.JUnitReportReporter -->
<testsuite hostname="faihaahadeedi" failures="0" tests="7" name="homePage.myTestCases" time="4.508" errors="0" timestamp="2024-10-01T14:01:59 GMT+03:00" skipped="0">
  <testcase classname="homePage.myTestCases" name="CheckTheDefaultLanguageIsEnglish" time="0.106"/>
  <system-out/>
  <testcase classname="homePage.myTestCases" name="DefultCurrencySARTest" time="0.115"/>
  <system-out/>
  <testcase classname="homePage.myTestCases" name="CheckContactNumber" time="0.077"/>
  <system-out/>
  <testcase classname="homePage.myTestCases" name="CheckQitafLogo" time="0.101"/>
  <system-out/>
  <testcase classname="homePage.myTestCases" name="TestHotelTabIsNotSelected" time="0.062"/>
  <system-out/>
  <testcase classname="homePage.myTestCases" name="CheckDepatureDate" time="0.963"/>
  <system-out/>
  <testcase classname="homePage.myTestCases" name="RandomlyChangeTheLanguage" time="3.084"/>
  <system-out/>
</testsuite> <!-- homePage.myTestCases -->
